# JRE version: OpenJDK Runtime Environment (17.0.15+6) (build 17.0.15+6-Ubuntu-0ubuntu124.04)
# Java VM: OpenJDK 64-Bit Server VM (17.0.15+6-Ubuntu-0ubuntu124.04, mixed mode, sharing, tiered, compressed oops, compressed class ptrs, g1 gc, linux-amd64)
Heap:
 garbage-first heap   total 102400K, used 33720K [0x0000000708a00000, 0x0000000800000000)
  region size 2048K, 6 young (12288K), 2 survivors (4096K)
 Metaspace       used 21686K, committed 21888K, reserved 1114112K
  class space    used 2928K, committed 3008K, reserved 1048576K
GC Heap History (6 events):
Event: 0,979 GC heap before
{Heap before GC invocations=0 (full 0):
 garbage-first heap   total 258048K, used 24500K [0x0000000708a00000, 0x0000000800000000)
  region size 2048K, 11 young (22528K), 0 survivors (0K)
 Metaspace       used 5748K, committed 6016K, reserved 1114112K
  class space    used 662K, committed 768K, reserved 1048576K
}
Event: 0,984 GC heap after
{Heap after GC invocations=1 (full 0):
 garbage-first heap   total 258048K, used 5967K [0x0000000708a00000, 0x0000000800000000)
  region size 2048K, 2 young (4096K), 2 survivors (4096K)
 Metaspace       used 5748K, committed 6016K, reserved 1114112K
  class space    used 662K, committed 768K, reserved 1048576K
}
Event: 1,769 GC heap before
{Heap before GC invocations=1 (full 0):
 garbage-first heap   total 258048K, used 57167K [0x0000000708a00000, 0x0000000800000000)
  region size 2048K, 23 young (47104K), 2 survivors (4096K)
 Metaspace       used 17709K, committed 17984K, reserved 1114112K
  class space    used 2522K, committed 2624K, reserved 1048576K
}
Event: 1,787 GC heap after
{Heap after GC invocations=2 (full 0):
 garbage-first heap   total 258048K, used 20192K [0x0000000708a00000, 0x0000000800000000)
  region size 2048K, 3 young (6144K), 3 survivors (6144K)
 Metaspace       used 17709K, committed 17984K, reserved 1114112K
  class space    used 2522K, committed 2624K, reserved 1048576K
}
Event: 23,266 GC heap before
{Heap before GC invocations=2 (full 0):
 garbage-first heap   total 258048K, used 40672K [0x0000000708a00000, 0x0000000800000000)
  region size 2048K, 13 young (26624K), 3 survivors (6144K)
 Metaspace       used 21311K, committed 21504K, reserved 1114112K
  class space    used 2905K, committed 3008K, reserved 1048576K
}
Event: 23,283 GC heap after
{Heap after GC invocations=3 (full 0):
 garbage-first heap   total 258048K, used 25875K [0x0000000708a00000, 0x0000000800000000)
  region size 2048K, 2 young (4096K), 2 survivors (4096K)
 Metaspace       used 21311K, committed 21504K, reserved 1114112K
  class space    used 2905K, committed 3008K, reserved 1048576K
}

